<?xml version="1.0" encoding="UTF-8"?>
<!-- Generated by org.testng.reporters.JUnitReportReporter -->
<testsuite skipped="0" hostname="DEIVID" name="com.desafio.dock.NewTest" tests="6" failures="0" timestamp="08 jan 2023 00:31:23 GMT" time="3.929" errors="0">
  <testcase name="listarTodosUsuariosPaginaUm" time="0.238" classname="com.desafio.dock.NewTest"/>
  <testcase name="listarTodosUsuariosPaginaDois" time="0.273" classname="com.desafio.dock.NewTest"/>
  <testcase name="atualizarUsuario2" time="2.419" classname="com.desafio.dock.NewTest"/>
  <testcase name="procurarUnicoUsuario" time="0.247" classname="com.desafio.dock.NewTest"/>
  <testcase name="usuarioNaoEncontrado" time="0.206" classname="com.desafio.dock.NewTest"/>
  <testcase name="usuarioNaoEncontrato" time="0.546" classname="com.desafio.dock.NewTest"/>
</testsuite> <!-- com.desafio.dock.NewTest -->
