<?xml version="1.0" encoding="UTF-8"?>
<!-- Generated by org.testng.reporters.JUnitReportReporter -->
<testsuite skipped="0" hostname="DEIVID" name="com.desafio.dock.DesafioQADockTests" tests="1" failures="0" timestamp="09 jan 2023 13:16:22 GMT" time="9.565" errors="0">
  <testcase name="listResourcesPageOneWithPerPageParameter" time="9.565" classname="com.desafio.dock.DesafioQADockTests"/>
</testsuite> <!-- com.desafio.dock.DesafioQADockTests -->
